#
# There is insufficient memory for the Java Runtime Environment to continue.
# Native memory allocation (malloc) failed to allocate 1660976 bytes for Chunk::new
# Possible reasons:
#   The system is out of physical RAM or swap space
#   The process is running with CompressedOops enabled, and the Java Heap may be blocking the growth of the native heap
# Possible solutions:
#   Reduce memory load on the system
#   Increase physical memory or swap space
#   Check if swap backing store is full
#   Decrease Java heap size (-Xmx/-Xms)
#   Decrease number of Java threads
#   Decrease Java thread stack sizes (-Xss)
#   Set larger code cache with -XX:ReservedCodeCacheSize=
#   JVM is running with Unscaled Compressed Oops mode in which the Java heap is
#     placed in the first 4GB address space. The Java Heap base address is the
#     maximum limit for the native heap growth. Please use -XX:HeapBaseMinAddress
#     to set the Java Heap base and to place the Java Heap above 4GB virtual address.
# This output file may be truncated or incomplete.
#
#  Out of Memory Error (allocation.cpp:389), pid=23480, tid=0x0000000000004594
#
# JRE version: Java(TM) SE Runtime Environment (8.0_251-b08) (build 1.8.0_251-b08)
# Java VM: Java HotSpot(TM) 64-Bit Server VM (25.251-b08 mixed mode windows-amd64 compressed oops)
# Failed to write core dump. Minidumps are not enabled by default on client versions of Windows
#

---------------  T H R E A D  ---------------

Current thread (0x0000000019341000):  JavaThread "C2 CompilerThread2" daemon [_thread_in_native, id=17812, stack(0x0000000019db0000,0x0000000019eb0000)]

Stack: [0x0000000019db0000,0x0000000019eb0000]
[error occurred during error reporting (printing stack bounds), id 0xc0000005]

Native frames: (J=compiled Java code, j=interpreted, Vv=VM code, C=native code)


Current CompileTask:
C2:   4239 1558   !   4       java.net.URLClassLoader$1::run (63 bytes)


---------------  P R O C E S S  ---------------

Java Threads: ( => current thread )
  0x0000000019360800 JavaThread "Service Thread" daemon [_thread_blocked, id=9840, stack(0x0000000019fb0000,0x000000001a0b0000)]
  0x0000000019352000 JavaThread "C1 CompilerThread3" daemon [_thread_blocked, id=19124, stack(0x0000000019eb0000,0x0000000019fb0000)]
=>0x0000000019341000 JavaThread "C2 CompilerThread2" daemon [_thread_in_native, id=17812, stack(0x0000000019db0000,0x0000000019eb0000)]
  0x00000000192ec800 JavaThread "C2 CompilerThread1" daemon [_thread_blocked, id=8392, stack(0x0000000019cb0000,0x0000000019db0000)]
  0x00000000192db800 JavaThread "C2 CompilerThread0" daemon [_thread_in_native, id=3004, stack(0x0000000019bb0000,0x0000000019cb0000)]
  0x00000000192d9800 JavaThread "Attach Listener" daemon [_thread_blocked, id=9992, stack(0x0000000019ab0000,0x0000000019bb0000)]
  0x00000000174de800 JavaThread "Signal Dispatcher" daemon [_thread_blocked, id=13756, stack(0x00000000199b0000,0x0000000019ab0000)]
  0x00000000192d0800 JavaThread "Finalizer" daemon [_thread_blocked, id=3508, stack(0x00000000197b0000,0x00000000198b0000)]
  0x0000000002668000 JavaThread "Reference Handler" daemon [_thread_blocked, id=16380, stack(0x00000000196b0000,0x00000000197b0000)]
  0x0000000002572800 JavaThread "main" [_thread_in_vm, id=23156, stack(0x00000000023d0000,0x00000000024d0000)]

Other Threads:
  0x00000000174c7800 VMThread [stack: 0x00000000191b0000,0x00000000192b0000] [id=17040]
  0x0000000019356000 WatcherThread [stack: 0x000000001a0b0000,0x000000001a1b0000] [id=23660]

VM state:not at safepoint (normal execution)

VM Mutex/Monitor currently owned by a thread: None

heap address: 0x0000000083a00000, size: 1990 MB, Compressed Oops mode: 32-bit
Narrow klass base: 0x0000000000000000, Narrow klass shift: 3
Compressed class space size: 1073741824 Address: 0x0000000100000000

Heap:
 PSYoungGen      total 37888K, used 27987K [0x00000000d6900000, 0x00000000d9300000, 0x0000000100000000)
  eden space 32768K, 69% used [0x00000000d6900000,0x00000000d7f5abb0,0x00000000d8900000)
  from space 5120K, 99% used [0x00000000d8e00000,0x00000000d92fa050,0x00000000d9300000)
  to   space 5120K, 0% used [0x00000000d8900000,0x00000000d8900000,0x00000000d8e00000)
 ParOldGen       total 86016K, used 2021K [0x0000000083a00000, 0x0000000088e00000, 0x00000000d6900000)
  object space 86016K, 2% used [0x0000000083a00000,0x0000000083bf95b8,0x0000000088e00000)
 Metaspace       used 14540K, capacity 14806K, committed 14976K, reserved 1062912K
  class space    used 1784K, capacity 1878K, committed 1920K, reserved 1048576K

Card table byte_map: [0x0000000011a30000,0x0000000011e20000] byte_map_base: 0x0000000011613000

Marking Bits: (ParMarkBitMap*) 0x0000000065eaaf90
 Begin Bits: [0x00000000128c0000, 0x00000000147d8000)
 End Bits:   [0x00000000147d8000, 0x00000000166f0000)

Polling page: 0x0000000000b40000

CodeCache: size=245760Kb used=5594Kb max_used=5594Kb free=240165Kb
 bounds [0x0000000002670000, 0x0000000002bf0000, 0x0000000011670000]
 total_blobs=1993 nmethods=1648 adapters=257
 compilation: enabled

Compilation events (10 events):
Event: 3.756 Thread 0x0000000019352000 1645   !   3       sun.nio.cs.StreamEncoder::flushBuffer (42 bytes)
Event: 3.756 Thread 0x0000000019352000 nmethod 1645 0x0000000002be7cd0 code [0x0000000002be7e80, 0x0000000002be8418]
Event: 3.756 Thread 0x0000000019352000 1646       3       sun.nio.cs.StreamEncoder::implFlushBuffer (15 bytes)
Event: 3.756 Thread 0x0000000019352000 nmethod 1646 0x0000000002be86d0 code [0x0000000002be8840, 0x0000000002be8aa8]
Event: 3.756 Thread 0x0000000019352000 1648   !   3       java.io.PrintStream::write (69 bytes)
Event: 3.757 Thread 0x0000000019352000 nmethod 1648 0x0000000002be8b50 code [0x0000000002be8d20, 0x0000000002be9498]
Event: 3.757 Thread 0x0000000019352000 1649  s    3       java.io.BufferedOutputStream::write (67 bytes)
Event: 3.758 Thread 0x0000000019352000 nmethod 1649 0x0000000002be9890 code [0x0000000002be9a60, 0x0000000002bea2b8]
Event: 3.758 Thread 0x0000000019352000 1650       3       java.io.FileOutputStream::write (12 bytes)
Event: 3.758 Thread 0x0000000019352000 nmethod 1650 0x0000000002bea590 code [0x0000000002bea700, 0x0000000002bea888]

GC Heap History (4 events):
Event: 1.826 GC heap before
{Heap before GC invocations=1 (full 0):
 PSYoungGen      total 37888K, used 32768K [0x00000000d6900000, 0x00000000d9300000, 0x0000000100000000)
  eden space 32768K, 100% used [0x00000000d6900000,0x00000000d8900000,0x00000000d8900000)
  from space 5120K, 0% used [0x00000000d8e00000,0x00000000d8e00000,0x00000000d9300000)
  to   space 5120K, 0% used [0x00000000d8900000,0x00000000d8900000,0x00000000d8e00000)
 ParOldGen       total 86016K, used 0K [0x0000000083a00000, 0x0000000088e00000, 0x00000000d6900000)
  object space 86016K, 0% used [0x0000000083a00000,0x0000000083a00000,0x0000000088e00000)
 Metaspace       used 8306K, capacity 8460K, committed 8576K, reserved 1056768K
  class space    used 1003K, capacity 1080K, committed 1152K, reserved 1048576K
Event: 1.835 GC heap after
Heap after GC invocations=1 (full 0):
 PSYoungGen      total 37888K, used 5096K [0x00000000d6900000, 0x00000000d9300000, 0x0000000100000000)
  eden space 32768K, 0% used [0x00000000d6900000,0x00000000d6900000,0x00000000d8900000)
  from space 5120K, 99% used [0x00000000d8900000,0x00000000d8dfa368,0x00000000d8e00000)
  to   space 5120K, 0% used [0x00000000d8e00000,0x00000000d8e00000,0x00000000d9300000)
 ParOldGen       total 86016K, used 277K [0x0000000083a00000, 0x0000000088e00000, 0x00000000d6900000)
  object space 86016K, 0% used [0x0000000083a00000,0x0000000083a454e8,0x0000000088e00000)
 Metaspace       used 8306K, capacity 8460K, committed 8576K, reserved 1056768K
  class space    used 1003K, capacity 1080K, committed 1152K, reserved 1048576K
}
Event: 2.668 GC heap before
{Heap before GC invocations=2 (full 0):
 PSYoungGen      total 37888K, used 37864K [0x00000000d6900000, 0x00000000d9300000, 0x0000000100000000)
  eden space 32768K, 100% used [0x00000000d6900000,0x00000000d8900000,0x00000000d8900000)
  from space 5120K, 99% used [0x00000000d8900000,0x00000000d8dfa368,0x00000000d8e00000)
  to   space 5120K, 0% used [0x00000000d8e00000,0x00000000d8e00000,0x00000000d9300000)
 ParOldGen       total 86016K, used 277K [0x0000000083a00000, 0x0000000088e00000, 0x00000000d6900000)
  object space 86016K, 0% used [0x0000000083a00000,0x0000000083a454e8,0x0000000088e00000)
 Metaspace       used 11588K, capacity 11756K, committed 12032K, reserved 1060864K
  class space    used 1433K, capacity 1511K, committed 1536K, reserved 1048576K
Event: 2.675 GC heap after
Heap after GC invocations=2 (full 0):
 PSYoungGen      total 37888K, used 5096K [0x00000000d6900000, 0x00000000d9300000, 0x0000000100000000)
  eden space 32768K, 0% used [0x00000000d6900000,0x00000000d6900000,0x00000000d8900000)
  from space 5120K, 99% used [0x00000000d8e00000,0x00000000d92fa050,0x00000000d9300000)
  to   space 5120K, 0% used [0x00000000d8900000,0x00000000d8900000,0x00000000d8e00000)
 ParOldGen       total 86016K, used 2021K [0x0000000083a00000, 0x0000000088e00000, 0x00000000d6900000)
  object space 86016K, 2% used [0x0000000083a00000,0x0000000083bf95b8,0x0000000088e00000)
 Metaspace       used 11588K, capacity 11756K, committed 12032K, reserved 1060864K
  class space    used 1433K, capacity 1511K, committed 1536K, reserved 1048576K
}

Deoptimization events (10 events):
Event: 1.444 Thread 0x0000000002572800 Uncommon trap: reason=unstable_if action=reinterpret pc=0x000000000283e664 method=org.codehaus.plexus.util.xml.pull.MXParser.more()C @ 8
Event: 1.619 Thread 0x0000000002572800 Uncommon trap: reason=unstable_if action=reinterpret pc=0x00000000029277e4 method=org.codehaus.plexus.util.xml.pull.MXParser.nextImpl()I @ 200
Event: 1.797 Thread 0x0000000002572800 Uncommon trap: reason=unstable_if action=reinterpret pc=0x00000000028e9cc0 method=java.util.HashMap.getNode(ILjava/lang/Object;)Ljava/util/HashMap$Node; @ 129
Event: 1.797 Thread 0x0000000002572800 Uncommon trap: reason=unstable_if action=reinterpret pc=0x00000000028e17f8 method=java.util.HashMap.getNode(ILjava/lang/Object;)Ljava/util/HashMap$Node; @ 129
Event: 1.823 Thread 0x0000000002572800 Uncommon trap: reason=range_check action=make_not_entrant pc=0x0000000002992ee0 method=sun.reflect.generics.parser.SignatureParser.current()C @ 34
Event: 3.300 Thread 0x0000000002572800 Uncommon trap: reason=unstable_if action=reinterpret pc=0x0000000002b6c490 method=org.eclipse.sisu.inject.InjectorBindings.isAssignableFrom(Lcom/google/inject/TypeLiteral;Lcom/google/inject/Binding;)Z @ 14
Event: 3.435 Thread 0x0000000002572800 Uncommon trap: reason=unstable_if action=reinterpret pc=0x0000000002ba71ec method=sun.nio.cs.StreamDecoder.implRead([CII)I @ 36
Event: 3.653 Thread 0x0000000002572800 Uncommon trap: reason=unstable_if action=reinterpret pc=0x000000000280e8d4 method=java.lang.String.replace(CC)Ljava/lang/String; @ 2
Event: 3.659 Thread 0x0000000002572800 Uncommon trap: reason=unstable_if action=reinterpret pc=0x0000000002a98590 method=java.lang.String.substring(I)Ljava/lang/String; @ 35
Event: 3.698 Thread 0x0000000002572800 Uncommon trap: reason=unstable_if action=reinterpret pc=0x000000000295d688 method=org.codehaus.plexus.util.xml.pull.MXParser.nextImpl()I @ 241

Classes redefined (0 events):
No events

Internal exceptions (10 events):
Event: 1.823 Thread 0x0000000002572800 Exception <a 'java/lang/ArrayIndexOutOfBoundsException': 66> (0x00000000d88b39c8) thrown at [C:\jenkins\workspace\8-2-build-windows-amd64-cygwin\jdk8u251\737\hotspot\src\share\vm\interpreter\interpreterRuntime.cpp, line 368]
Event: 3.017 Thread 0x0000000002572800 Exception <a 'java/lang/NoClassDefFoundError': com/google/inject/servlet/ServletModuleTargetVisitor> (0x00000000d720a080) thrown at [C:\jenkins\workspace\8-2-build-windows-amd64-cygwin\jdk8u251\737\hotspot\src\share\vm\classfile\systemDictionary.cpp, line
Event: 3.017 Thread 0x0000000002572800 Exception <a 'java/lang/NoClassDefFoundError'> (0x00000000d720a080) thrown at [C:\jenkins\workspace\8-2-build-windows-amd64-cygwin\jdk8u251\737\hotspot\src\share\vm\prims\jvm.cpp, line 1506]
Event: 3.017 Thread 0x0000000002572800 Exception <a 'java/lang/NoClassDefFoundError': javax/annotation/Priority> (0x00000000d720f0f0) thrown at [C:\jenkins\workspace\8-2-build-windows-amd64-cygwin\jdk8u251\737\hotspot\src\share\vm\classfile\systemDictionary.cpp, line 199]
Event: 3.515 Thread 0x0000000002572800 Exception <a 'java/lang/NullPointerException'> (0x00000000d7962638) thrown at [C:\jenkins\workspace\8-2-build-windows-amd64-cygwin\jdk8u251\737\hotspot\src\share\vm\interpreter\linkResolver.cpp, line 1185]
Event: 3.515 Thread 0x0000000002572800 Exception <a 'java/lang/NullPointerException'> (0x00000000d7962850) thrown at [C:\jenkins\workspace\8-2-build-windows-amd64-cygwin\jdk8u251\737\hotspot\src\share\vm\interpreter\linkResolver.cpp, line 1185]
Event: 3.515 Thread 0x0000000002572800 Exception <a 'java/lang/NullPointerException'> (0x00000000d7962a68) thrown at [C:\jenkins\workspace\8-2-build-windows-amd64-cygwin\jdk8u251\737\hotspot\src\share\vm\interpreter\linkResolver.cpp, line 1185]
Event: 3.515 Thread 0x0000000002572800 Exception <a 'java/lang/NullPointerException'> (0x00000000d796b068) thrown at [C:\jenkins\workspace\8-2-build-windows-amd64-cygwin\jdk8u251\737\hotspot\src\share\vm\interpreter\linkResolver.cpp, line 1185]
Event: 3.515 Thread 0x0000000002572800 Exception <a 'java/lang/NullPointerException'> (0x00000000d796b280) thrown at [C:\jenkins\workspace\8-2-build-windows-amd64-cygwin\jdk8u251\737\hotspot\src\share\vm\interpreter\linkResolver.cpp, line 1185]
Event: 3.515 Thread 0x0000000002572800 Exception <a 'java/lang/NullPointerException'> (0x00000000d796b498) thrown at [C:\jenkins\workspace\8-2-build-windows-amd64-cygwin\jdk8u251\737\hotspot\src\share\vm\interpreter\linkResolver.cpp, line 1185]

Events (10 events):
Event: 3.730 loading class org/eclipse/aether/util/repository/ChainedWorkspaceReader
Event: 3.730 loading class org/eclipse/aether/util/repository/ChainedWorkspaceReader done
Event: 3.731 loading class org/apache/maven/execution/MavenSession
Event: 3.731 loading class org/apache/maven/execution/MavenSession done
Event: 3.732 loading class org/codehaus/plexus/PlexusContainer
Event: 3.732 loading class org/codehaus/plexus/PlexusContainer done
Event: 3.732 loading class org/netbeans/shaded/json/simple/JSONArray
Event: 3.732 loading class org/netbeans/shaded/json/simple/JSONArray done
Event: 3.733 loading class org/codehaus/plexus/classworlds/realm/ClassRealm
Event: 3.733 loading class org/codehaus/plexus/classworlds/realm/ClassRealm done


Dynamic libraries:
0x00007ff615740000 - 0x00007ff615777000 	C:\Program Files\Java\jdk1.8.0_251\bin\java.exe
0x00007ff9b6330000 - 0x00007ff9b6525000 	C:\WINDOWS\SYSTEM32\ntdll.dll
0x00007ff9b5810000 - 0x00007ff9b58cd000 	C:\WINDOWS\System32\KERNEL32.DLL
0x00007ff9b3e60000 - 0x00007ff9b4129000 	C:\WINDOWS\System32\KERNELBASE.dll
0x00007ff9b4820000 - 0x00007ff9b48cc000 	C:\WINDOWS\System32\ADVAPI32.dll
0x00007ff9b48e0000 - 0x00007ff9b497e000 	C:\WINDOWS\System32\msvcrt.dll
0x00007ff9b4d80000 - 0x00007ff9b4e1b000 	C:\WINDOWS\System32\sechost.dll
0x00007ff9b4f90000 - 0x00007ff9b50ba000 	C:\WINDOWS\System32\RPCRT4.dll
0x00007ff9b51f0000 - 0x00007ff9b5390000 	C:\WINDOWS\System32\USER32.dll
0x00007ff9b3c70000 - 0x00007ff9b3c92000 	C:\WINDOWS\System32\win32u.dll
0x00007ff9b59f0000 - 0x00007ff9b5a1a000 	C:\WINDOWS\System32\GDI32.dll
0x00007ff9b3b60000 - 0x00007ff9b3c6b000 	C:\WINDOWS\System32\gdi32full.dll
0x00007ff9b3a60000 - 0x00007ff9b3afd000 	C:\WINDOWS\System32\msvcp_win.dll
0x00007ff9b4130000 - 0x00007ff9b4230000 	C:\WINDOWS\System32\ucrtbase.dll
0x00007ff997510000 - 0x00007ff9977aa000 	C:\WINDOWS\WinSxS\amd64_microsoft.windows.common-controls_6595b64144ccf1df_6.0.19041.1110_none_60b5254171f9507e\COMCTL32.dll
0x00007ff9b5960000 - 0x00007ff9b5990000 	C:\WINDOWS\System32\IMM32.DLL
0x0000000065490000 - 0x0000000065562000 	C:\Program Files\Java\jdk1.8.0_251\jre\bin\msvcr100.dll
0x0000000065680000 - 0x0000000065f2b000 	C:\Program Files\Java\jdk1.8.0_251\jre\bin\server\jvm.dll
0x00007ff9b4d70000 - 0x00007ff9b4d78000 	C:\WINDOWS\System32\PSAPI.DLL
0x00007ff9a92b0000 - 0x00007ff9a92d7000 	C:\WINDOWS\SYSTEM32\WINMM.dll
0x00007ff9aa1e0000 - 0x00007ff9aa1ea000 	C:\WINDOWS\SYSTEM32\VERSION.dll
0x00007ff996bc0000 - 0x00007ff996bc9000 	C:\WINDOWS\SYSTEM32\WSOCK32.dll
0x00007ff9b4f20000 - 0x00007ff9b4f8b000 	C:\WINDOWS\System32\WS2_32.dll
0x00007ff9af9c0000 - 0x00007ff9af9cf000 	C:\Program Files\Java\jdk1.8.0_251\jre\bin\verify.dll
0x00007ff9ae2c0000 - 0x00007ff9ae2e9000 	C:\Program Files\Java\jdk1.8.0_251\jre\bin\java.dll
0x00007ff9ad3c0000 - 0x00007ff9ad3d6000 	C:\Program Files\Java\jdk1.8.0_251\jre\bin\zip.dll
0x00007ff9b5b00000 - 0x00007ff9b623f000 	C:\WINDOWS\System32\SHELL32.dll
0x00007ff9b1b70000 - 0x00007ff9b2300000 	C:\WINDOWS\SYSTEM32\windows.storage.dll
0x00007ff9b44c0000 - 0x00007ff9b4815000 	C:\WINDOWS\System32\combase.dll
0x00007ff9b34c0000 - 0x00007ff9b34ec000 	C:\WINDOWS\SYSTEM32\Wldp.dll
0x00007ff9b6240000 - 0x00007ff9b62ee000 	C:\WINDOWS\System32\SHCORE.dll
0x00007ff9b4ab0000 - 0x00007ff9b4b05000 	C:\WINDOWS\System32\shlwapi.dll
0x00007ff9b39a0000 - 0x00007ff9b39bf000 	C:\WINDOWS\SYSTEM32\profapi.dll
0x00007ff9ad1f0000 - 0x00007ff9ad1fa000 	C:\Program Files\NetBeans-12.0\netbeans\java\maven\lib\jansi-native\windows64\jansi.dll

VM Arguments:
jvm_args: -Dclassworlds.conf=C:\Program Files\NetBeans-12.0\netbeans\java\maven\bin\..\bin\m2.conf -Dmaven.home=C:\Program Files\NetBeans-12.0\netbeans\java\maven\bin\.. -Dlibrary.jansi.path=C:\Program Files\NetBeans-12.0\netbeans\java\maven\bin\..\lib\jansi-native -Dmaven.multiModuleProjectDirectory=C:\Users\Eyob\VendingMachine\VendingMachine 
java_command: org.codehaus.plexus.classworlds.launcher.Launcher -Dexec.args=-agentlib:jdwp=transport=dt_socket,server=n,address=62682 -classpath %classpath com.sg.vendingmachine.App -Dexec.executable=C:\Program Files\Java\jdk1.8.0_251\bin\java.exe -Djpda.listen=true -Djpda.address=62682 -Dmaven.ext.class.path=C:\Program Files\NetBeans-12.0\netbeans\java\maven-nblib\netbeans-eventspy.jar -Dfile.encoding=UTF-8 org.codehaus.mojo:exec-maven-plugin:1.5.0:exec
java_class_path (initial): C:\Program Files\NetBeans-12.0\netbeans\java\maven\bin\..\boot\plexus-classworlds-2.6.0.jar
Launcher Type: SUN_STANDARD

Environment Variables:
JAVA_HOME=C:\Program Files\Java\jdk1.8.0_251
PATH=C:\Program Files\Eclipse Foundation\jdk-11.0.12.7-hotspot\bin;C:\WINDOWS\system32;C:\WINDOWS;C:\WINDOWS\System32\Wbem;C:\WINDOWS\System32\WindowsPowerShell\v1.0\;C:\WINDOWS\System32\OpenSSH\;C:\Program Files\Java\jdk1.8.0_251\bin;C:\Users\Eyob\Downloads\dart-sass-1.32.8-windows-x64\dart-sass;C:\Program Files\Git\cmd;C:\Program Files\MySQL\MySQL Shell 8.0\bin\;C:\Users\Eyob\AppData\Local\Microsoft\WindowsApps;;C:\Users\Eyob\AppData\Local\Programs\Microsoft VS Code\bin
USERNAME=Eyob
OS=Windows_NT
PROCESSOR_IDENTIFIER=Intel64 Family 6 Model 60 Stepping 3, GenuineIntel



---------------  S Y S T E M  ---------------

OS: Windows 10.0 , 64 bit Build 19041 (10.0.19041.1151)

CPU:total 8 (initial active 8) (4 cores per cpu, 2 threads per core) family 6 model 60 stepping 3, cmov, cx8, fxsr, mmx, sse, sse2, sse3, ssse3, sse4.1, sse4.2, popcnt, avx, avx2, aes, clmul, erms, lzcnt, ht, tsc, tscinvbit, bmi1, bmi2

Memory: 4k page, physical 8147032k(629300k free), swap 33312856k(456308k free)

vm_info: Java HotSpot(TM) 64-Bit Server VM (25.251-b08) for windows-amd64 JRE (1.8.0_251-b08), built on Mar 12 2020 06:31:49 by "" with MS VC++ 10.0 (VS2010)

time: Wed Sep 15 16:14:18 2021
timezone: Eastern Daylight Time
elapsed time: 4 seconds (0d 0h 0m 4s)

