#
# There is insufficient memory for the Java Runtime Environment to continue.
# Native memory allocation (malloc) failed to allocate 404576 bytes for Chunk::new
# Possible reasons:
#   The system is out of physical RAM or swap space
#   The process is running with CompressedOops enabled, and the Java Heap may be blocking the growth of the native heap
# Possible solutions:
#   Reduce memory load on the system
#   Increase physical memory or swap space
#   Check if swap backing store is full
#   Decrease Java heap size (-Xmx/-Xms)
#   Decrease number of Java threads
#   Decrease Java thread stack sizes (-Xss)
#   Set larger code cache with -XX:ReservedCodeCacheSize=
#   JVM is running with Unscaled Compressed Oops mode in which the Java heap is
#     placed in the first 4GB address space. The Java Heap base address is the
#     maximum limit for the native heap growth. Please use -XX:HeapBaseMinAddress
#     to set the Java Heap base and to place the Java Heap above 4GB virtual address.
# This output file may be truncated or incomplete.
#
#  Out of Memory Error (allocation.cpp:389), pid=22688, tid=0x0000000000003138
#
# JRE version: Java(TM) SE Runtime Environment (8.0_251-b08) (build 1.8.0_251-b08)
# Java VM: Java HotSpot(TM) 64-Bit Server VM (25.251-b08 mixed mode windows-amd64 compressed oops)
# Failed to write core dump. Minidumps are not enabled by default on client versions of Windows
#

---------------  T H R E A D  ---------------

Current thread (0x00000000198eb800):  JavaThread "C2 CompilerThread0" daemon [_thread_in_native, id=12600, stack(0x000000001a1d0000,0x000000001a2d0000)]

Stack: [0x000000001a1d0000,0x000000001a2d0000]
[error occurred during error reporting (printing stack bounds), id 0xc0000005]

Native frames: (J=compiled Java code, j=interpreted, Vv=VM code, C=native code)


Current CompileTask:
C2:   4140 1670       4       org.codehaus.plexus.util.xml.pull.MXParser::parseStartTag (1195 bytes)


---------------  P R O C E S S  ---------------

Java Threads: ( => current thread )
  0x0000000019989800 JavaThread "Service Thread" daemon [_thread_blocked, id=948, stack(0x000000001a5d0000,0x000000001a6d0000)]
  0x00000000198f7800 JavaThread "C1 CompilerThread3" daemon [_thread_in_native, id=19928, stack(0x000000001a4d0000,0x000000001a5d0000)]
  0x00000000198ef800 JavaThread "C2 CompilerThread2" daemon [_thread_in_native, id=21700, stack(0x000000001a3d0000,0x000000001a4d0000)]
  0x00000000198ee800 JavaThread "C2 CompilerThread1" daemon [_thread_in_native, id=13272, stack(0x000000001a2d0000,0x000000001a3d0000)]
=>0x00000000198eb800 JavaThread "C2 CompilerThread0" daemon [_thread_in_native, id=12600, stack(0x000000001a1d0000,0x000000001a2d0000)]
  0x00000000198e9800 JavaThread "Attach Listener" daemon [_thread_blocked, id=5684, stack(0x000000001a0d0000,0x000000001a1d0000)]
  0x0000000017ade800 JavaThread "Signal Dispatcher" daemon [_thread_blocked, id=1148, stack(0x0000000019fd0000,0x000000001a0d0000)]
  0x00000000198e0800 JavaThread "Finalizer" daemon [_thread_blocked, id=5564, stack(0x0000000019dc0000,0x0000000019ec0000)]
  0x0000000002c38000 JavaThread "Reference Handler" daemon [_thread_blocked, id=8844, stack(0x0000000019cc0000,0x0000000019dc0000)]
  0x0000000002b42800 JavaThread "main" [_thread_in_Java, id=8764, stack(0x0000000002a00000,0x0000000002b00000)]

Other Threads:
  0x0000000017ac7800 VMThread [stack: 0x00000000197c0000,0x00000000198c0000] [id=3108]
  0x000000001999c000 WatcherThread [stack: 0x000000001a6d0000,0x000000001a7d0000] [id=14352]

VM state:not at safepoint (normal execution)

VM Mutex/Monitor currently owned by a thread: None

heap address: 0x0000000083a00000, size: 1990 MB, Compressed Oops mode: 32-bit
Narrow klass base: 0x0000000000000000, Narrow klass shift: 3
Compressed class space size: 1073741824 Address: 0x0000000100000000

Heap:
 PSYoungGen      total 37888K, used 31999K [0x00000000d6900000, 0x00000000db300000, 0x0000000100000000)
  eden space 32768K, 82% used [0x00000000d6900000,0x00000000d8343810,0x00000000d8900000)
  from space 5120K, 99% used [0x00000000d8e00000,0x00000000d92fc460,0x00000000d9300000)
  to   space 5120K, 0% used [0x00000000d8900000,0x00000000d8900000,0x00000000d8e00000)
 ParOldGen       total 86016K, used 1638K [0x0000000083a00000, 0x0000000088e00000, 0x00000000d6900000)
  object space 86016K, 1% used [0x0000000083a00000,0x0000000083b99b20,0x0000000088e00000)
 Metaspace       used 14985K, capacity 15258K, committed 15616K, reserved 1062912K
  class space    used 1829K, capacity 1942K, committed 2048K, reserved 1048576K

Card table byte_map: [0x0000000012000000,0x00000000123f0000] byte_map_base: 0x0000000011be3000

Marking Bits: (ParMarkBitMap*) 0x0000000065eaaf90
 Begin Bits: [0x0000000012e90000, 0x0000000014da8000)
 End Bits:   [0x0000000014da8000, 0x0000000016cc0000)

Polling page: 0x0000000002b00000

CodeCache: size=245760Kb used=5693Kb max_used=5693Kb free=240066Kb
 bounds [0x0000000002c40000, 0x00000000031e0000, 0x0000000011c40000]
 total_blobs=2034 nmethods=1675 adapters=271
 compilation: enabled

Compilation events (10 events):
Event: 4.108 Thread 0x00000000198f7800 1674       3       java.util.ArrayList::addAll (54 bytes)
Event: 4.109 Thread 0x00000000198f7800 nmethod 1674 0x00000000031bb710 code [0x00000000031bb8c0, 0x00000000031bbfa8]
Event: 4.109 Thread 0x00000000198f7800 1673       3       java.util.IdentityHashMap::init (11 bytes)
Event: 4.109 Thread 0x00000000198f7800 nmethod 1673 0x00000000031bc250 code [0x00000000031bc3a0, 0x00000000031bc590]
Event: 4.118 Thread 0x00000000198ee800 1675       4       java.lang.String::regionMatches (149 bytes)
Event: 4.127 Thread 0x00000000198f7800 1676       3       sun.nio.cs.UTF_8$Decoder::decode (779 bytes)
Event: 4.130 Thread 0x00000000198ee800 nmethod 1675 0x00000000031c0250 code [0x00000000031c03c0, 0x00000000031c0b58]
Event: 4.132 Thread 0x00000000198ee800 1682       4       org.codehaus.plexus.util.xml.pull.MXParser::nextImpl (1202 bytes)
Event: 4.134 Thread 0x00000000198f7800 nmethod 1676 0x00000000031c13d0 code [0x00000000031c1a00, 0x00000000031c67f8]
Event: 4.134 Thread 0x00000000198f7800 1681       3       sun.nio.cs.UTF_8$Decoder::decodeArrayLoop (691 bytes)

GC Heap History (4 events):
Event: 1.780 GC heap before
{Heap before GC invocations=1 (full 0):
 PSYoungGen      total 37888K, used 32768K [0x00000000d6900000, 0x00000000d9300000, 0x0000000100000000)
  eden space 32768K, 100% used [0x00000000d6900000,0x00000000d8900000,0x00000000d8900000)
  from space 5120K, 0% used [0x00000000d8e00000,0x00000000d8e00000,0x00000000d9300000)
  to   space 5120K, 0% used [0x00000000d8900000,0x00000000d8900000,0x00000000d8e00000)
 ParOldGen       total 86016K, used 0K [0x0000000083a00000, 0x0000000088e00000, 0x00000000d6900000)
  object space 86016K, 0% used [0x0000000083a00000,0x0000000083a00000,0x0000000088e00000)
 Metaspace       used 8160K, capacity 8304K, committed 8576K, reserved 1056768K
  class space    used 984K, capacity 1048K, committed 1152K, reserved 1048576K
Event: 1.788 GC heap after
Heap after GC invocations=1 (full 0):
 PSYoungGen      total 37888K, used 5088K [0x00000000d6900000, 0x00000000d9300000, 0x0000000100000000)
  eden space 32768K, 0% used [0x00000000d6900000,0x00000000d6900000,0x00000000d8900000)
  from space 5120K, 99% used [0x00000000d8900000,0x00000000d8df82c8,0x00000000d8e00000)
  to   space 5120K, 0% used [0x00000000d8e00000,0x00000000d8e00000,0x00000000d9300000)
 ParOldGen       total 86016K, used 142K [0x0000000083a00000, 0x0000000088e00000, 0x00000000d6900000)
  object space 86016K, 0% used [0x0000000083a00000,0x0000000083a238d0,0x0000000088e00000)
 Metaspace       used 8160K, capacity 8304K, committed 8576K, reserved 1056768K
  class space    used 984K, capacity 1048K, committed 1152K, reserved 1048576K
}
Event: 2.591 GC heap before
{Heap before GC invocations=2 (full 0):
 PSYoungGen      total 37888K, used 37856K [0x00000000d6900000, 0x00000000d9300000, 0x0000000100000000)
  eden space 32768K, 100% used [0x00000000d6900000,0x00000000d8900000,0x00000000d8900000)
  from space 5120K, 99% used [0x00000000d8900000,0x00000000d8df82c8,0x00000000d8e00000)
  to   space 5120K, 0% used [0x00000000d8e00000,0x00000000d8e00000,0x00000000d9300000)
 ParOldGen       total 86016K, used 142K [0x0000000083a00000, 0x0000000088e00000, 0x00000000d6900000)
  object space 86016K, 0% used [0x0000000083a00000,0x0000000083a238d0,0x0000000088e00000)
 Metaspace       used 11337K, capacity 11472K, committed 11776K, reserved 1058816K
  class space    used 1393K, capacity 1479K, committed 1536K, reserved 1048576K
Event: 2.611 GC heap after
Heap after GC invocations=2 (full 0):
 PSYoungGen      total 37888K, used 5105K [0x00000000d6900000, 0x00000000db300000, 0x0000000100000000)
  eden space 32768K, 0% used [0x00000000d6900000,0x00000000d6900000,0x00000000d8900000)
  from space 5120K, 99% used [0x00000000d8e00000,0x00000000d92fc460,0x00000000d9300000)
  to   space 5120K, 0% used [0x00000000d8900000,0x00000000d8900000,0x00000000d8e00000)
 ParOldGen       total 86016K, used 1638K [0x0000000083a00000, 0x0000000088e00000, 0x00000000d6900000)
  object space 86016K, 1% used [0x0000000083a00000,0x0000000083b99b20,0x0000000088e00000)
 Metaspace       used 11337K, capacity 11472K, committed 11776K, reserved 1058816K
  class space    used 1393K, capacity 1479K, committed 1536K, reserved 1048576K
}

Deoptimization events (10 events):
Event: 1.828 Thread 0x0000000002b42800 Uncommon trap: reason=range_check action=make_not_entrant pc=0x0000000002f5fc60 method=sun.reflect.generics.parser.SignatureParser.current()C @ 34
Event: 3.291 Thread 0x0000000002b42800 Uncommon trap: reason=unstable_if action=reinterpret pc=0x000000000313ebd0 method=org.eclipse.sisu.inject.InjectorBindings.isAssignableFrom(Lcom/google/inject/TypeLiteral;Lcom/google/inject/Binding;)Z @ 14
Event: 3.580 Thread 0x0000000002b42800 Uncommon trap: reason=unstable_if action=reinterpret pc=0x000000000317e8c0 method=sun.nio.cs.StreamDecoder.implRead([CII)I @ 36
Event: 3.643 Thread 0x0000000002b42800 Uncommon trap: reason=unstable_if action=reinterpret pc=0x0000000002de0894 method=java.lang.String.replace(CC)Ljava/lang/String; @ 2
Event: 3.652 Thread 0x0000000002b42800 Uncommon trap: reason=unstable_if action=reinterpret pc=0x0000000003072fcc method=java.lang.String.substring(I)Ljava/lang/String; @ 35
Event: 4.079 Thread 0x0000000002b42800 Uncommon trap: reason=predicate action=maybe_recompile pc=0x0000000002f87388 method=java.lang.String.regionMatches(ZILjava/lang/String;II)Z @ 63
Event: 4.113 Thread 0x0000000002b42800 Uncommon trap: reason=bimorphic action=maybe_recompile pc=0x00000000031781f8 method=java.util.regex.Pattern$CharProperty.match(Ljava/util/regex/Matcher;ILjava/lang/CharSequence;)Z @ 37
Event: 4.116 Thread 0x0000000002b42800 Uncommon trap: reason=bimorphic action=maybe_recompile pc=0x00000000031781f8 method=java.util.regex.Pattern$CharProperty.match(Ljava/util/regex/Matcher;ILjava/lang/CharSequence;)Z @ 37
Event: 4.127 Thread 0x0000000002b42800 Uncommon trap: reason=unstable_if action=reinterpret pc=0x0000000002ed4644 method=sun.nio.cs.UTF_8$Decoder.decode([BII[C)I @ 30
Event: 4.128 Thread 0x0000000002b42800 Uncommon trap: reason=unstable_if action=reinterpret pc=0x0000000002edda78 method=sun.nio.cs.UTF_8$Decoder.decodeArrayLoop(Ljava/nio/ByteBuffer;Ljava/nio/CharBuffer;)Ljava/nio/charset/CoderResult; @ 84

Classes redefined (0 events):
No events

Internal exceptions (10 events):
Event: 1.828 Thread 0x0000000002b42800 Exception <a 'java/lang/ArrayIndexOutOfBoundsException': 66> (0x00000000d6aae6f0) thrown at [C:\jenkins\workspace\8-2-build-windows-amd64-cygwin\jdk8u251\737\hotspot\src\share\vm\interpreter\interpreterRuntime.cpp, line 368]
Event: 3.015 Thread 0x0000000002b42800 Exception <a 'java/lang/NoClassDefFoundError': com/google/inject/servlet/ServletModuleTargetVisitor> (0x00000000d742ccc0) thrown at [C:\jenkins\workspace\8-2-build-windows-amd64-cygwin\jdk8u251\737\hotspot\src\share\vm\classfile\systemDictionary.cpp, line
Event: 3.016 Thread 0x0000000002b42800 Exception <a 'java/lang/NoClassDefFoundError'> (0x00000000d742ccc0) thrown at [C:\jenkins\workspace\8-2-build-windows-amd64-cygwin\jdk8u251\737\hotspot\src\share\vm\prims\jvm.cpp, line 1506]
Event: 3.016 Thread 0x0000000002b42800 Exception <a 'java/lang/NoClassDefFoundError': javax/annotation/Priority> (0x00000000d7431d30) thrown at [C:\jenkins\workspace\8-2-build-windows-amd64-cygwin\jdk8u251\737\hotspot\src\share\vm\classfile\systemDictionary.cpp, line 199]
Event: 3.500 Thread 0x0000000002b42800 Exception <a 'java/lang/NullPointerException'> (0x00000000d7b89958) thrown at [C:\jenkins\workspace\8-2-build-windows-amd64-cygwin\jdk8u251\737\hotspot\src\share\vm\interpreter\linkResolver.cpp, line 1185]
Event: 3.500 Thread 0x0000000002b42800 Exception <a 'java/lang/NullPointerException'> (0x00000000d7b89b70) thrown at [C:\jenkins\workspace\8-2-build-windows-amd64-cygwin\jdk8u251\737\hotspot\src\share\vm\interpreter\linkResolver.cpp, line 1185]
Event: 3.500 Thread 0x0000000002b42800 Exception <a 'java/lang/NullPointerException'> (0x00000000d7b89d88) thrown at [C:\jenkins\workspace\8-2-build-windows-amd64-cygwin\jdk8u251\737\hotspot\src\share\vm\interpreter\linkResolver.cpp, line 1185]
Event: 3.501 Thread 0x0000000002b42800 Exception <a 'java/lang/NullPointerException'> (0x00000000d7b92388) thrown at [C:\jenkins\workspace\8-2-build-windows-amd64-cygwin\jdk8u251\737\hotspot\src\share\vm\interpreter\linkResolver.cpp, line 1185]
Event: 3.501 Thread 0x0000000002b42800 Exception <a 'java/lang/NullPointerException'> (0x00000000d7b925a0) thrown at [C:\jenkins\workspace\8-2-build-windows-amd64-cygwin\jdk8u251\737\hotspot\src\share\vm\interpreter\linkResolver.cpp, line 1185]
Event: 3.501 Thread 0x0000000002b42800 Exception <a 'java/lang/NullPointerException'> (0x00000000d7b927b8) thrown at [C:\jenkins\workspace\8-2-build-windows-amd64-cygwin\jdk8u251\737\hotspot\src\share\vm\interpreter\linkResolver.cpp, line 1185]

Events (10 events):
Event: 4.127 Thread 0x0000000002b42800 Uncommon trap: trap_request=0xffffff65 fr.pc=0x0000000002ed4644
Event: 4.127 Thread 0x0000000002b42800 DEOPT PACKING pc=0x0000000002ed4644 sp=0x0000000002afd650
Event: 4.127 Thread 0x0000000002b42800 DEOPT UNPACKING pc=0x0000000002c8583b sp=0x0000000002afd5a8 mode 2
Event: 4.128 Thread 0x0000000002b42800 Uncommon trap: trap_request=0xffffff65 fr.pc=0x0000000002edda78
Event: 4.128 Thread 0x0000000002b42800 DEOPT PACKING pc=0x0000000002edda78 sp=0x0000000002afd470
Event: 4.128 Thread 0x0000000002b42800 DEOPT UNPACKING pc=0x0000000002c8583b sp=0x0000000002afd3b8 mode 2
Event: 4.130 loading class org/apache/maven/model/Site
Event: 4.130 loading class org/apache/maven/model/Site done
Event: 4.136 loading class org/apache/maven/model/ActivationFile
Event: 4.136 loading class org/apache/maven/model/ActivationFile done


Dynamic libraries:
0x00007ff615740000 - 0x00007ff615777000 	C:\Program Files\Java\jdk1.8.0_251\bin\java.exe
0x00007ff9b6330000 - 0x00007ff9b6525000 	C:\WINDOWS\SYSTEM32\ntdll.dll
0x00007ff9b5810000 - 0x00007ff9b58cd000 	C:\WINDOWS\System32\KERNEL32.DLL
0x00007ff9b3e60000 - 0x00007ff9b4129000 	C:\WINDOWS\System32\KERNELBASE.dll
0x00007ff9b4820000 - 0x00007ff9b48cc000 	C:\WINDOWS\System32\ADVAPI32.dll
0x00007ff9b48e0000 - 0x00007ff9b497e000 	C:\WINDOWS\System32\msvcrt.dll
0x00007ff9b4d80000 - 0x00007ff9b4e1b000 	C:\WINDOWS\System32\sechost.dll
0x00007ff9b4f90000 - 0x00007ff9b50ba000 	C:\WINDOWS\System32\RPCRT4.dll
0x00007ff9b51f0000 - 0x00007ff9b5390000 	C:\WINDOWS\System32\USER32.dll
0x00007ff9b3c70000 - 0x00007ff9b3c92000 	C:\WINDOWS\System32\win32u.dll
0x00007ff9b59f0000 - 0x00007ff9b5a1a000 	C:\WINDOWS\System32\GDI32.dll
0x00007ff9b3b60000 - 0x00007ff9b3c6b000 	C:\WINDOWS\System32\gdi32full.dll
0x00007ff9b3a60000 - 0x00007ff9b3afd000 	C:\WINDOWS\System32\msvcp_win.dll
0x00007ff9b4130000 - 0x00007ff9b4230000 	C:\WINDOWS\System32\ucrtbase.dll
0x00007ff997510000 - 0x00007ff9977aa000 	C:\WINDOWS\WinSxS\amd64_microsoft.windows.common-controls_6595b64144ccf1df_6.0.19041.1110_none_60b5254171f9507e\COMCTL32.dll
0x00007ff9b5960000 - 0x00007ff9b5990000 	C:\WINDOWS\System32\IMM32.DLL
0x0000000065490000 - 0x0000000065562000 	C:\Program Files\Java\jdk1.8.0_251\jre\bin\msvcr100.dll
0x0000000065680000 - 0x0000000065f2b000 	C:\Program Files\Java\jdk1.8.0_251\jre\bin\server\jvm.dll
0x00007ff9b4d70000 - 0x00007ff9b4d78000 	C:\WINDOWS\System32\PSAPI.DLL
0x00007ff996bc0000 - 0x00007ff996bc9000 	C:\WINDOWS\SYSTEM32\WSOCK32.dll
0x00007ff9b4f20000 - 0x00007ff9b4f8b000 	C:\WINDOWS\System32\WS2_32.dll
0x00007ff9a92b0000 - 0x00007ff9a92d7000 	C:\WINDOWS\SYSTEM32\WINMM.dll
0x00007ff9aa1e0000 - 0x00007ff9aa1ea000 	C:\WINDOWS\SYSTEM32\VERSION.dll
0x00007ff9af9c0000 - 0x00007ff9af9cf000 	C:\Program Files\Java\jdk1.8.0_251\jre\bin\verify.dll
0x00007ff9ae2c0000 - 0x00007ff9ae2e9000 	C:\Program Files\Java\jdk1.8.0_251\jre\bin\java.dll
0x00007ff9ad3c0000 - 0x00007ff9ad3d6000 	C:\Program Files\Java\jdk1.8.0_251\jre\bin\zip.dll
0x00007ff9b5b00000 - 0x00007ff9b623f000 	C:\WINDOWS\System32\SHELL32.dll
0x00007ff9b1b70000 - 0x00007ff9b2300000 	C:\WINDOWS\SYSTEM32\windows.storage.dll
0x00007ff9b44c0000 - 0x00007ff9b4815000 	C:\WINDOWS\System32\combase.dll
0x00007ff9b34c0000 - 0x00007ff9b34ec000 	C:\WINDOWS\SYSTEM32\Wldp.dll
0x00007ff9b6240000 - 0x00007ff9b62ee000 	C:\WINDOWS\System32\SHCORE.dll
0x00007ff9b4ab0000 - 0x00007ff9b4b05000 	C:\WINDOWS\System32\shlwapi.dll
0x00007ff9b39a0000 - 0x00007ff9b39bf000 	C:\WINDOWS\SYSTEM32\profapi.dll
0x00007ff9ad1f0000 - 0x00007ff9ad1fa000 	C:\Program Files\NetBeans-12.0\netbeans\java\maven\lib\jansi-native\windows64\jansi.dll
0x00007ff9ad360000 - 0x00007ff9ad37a000 	C:\Program Files\Java\jdk1.8.0_251\jre\bin\net.dll
0x00007ff9b31b0000 - 0x00007ff9b321a000 	C:\WINDOWS\system32\mswsock.dll
0x00007ff9ad320000 - 0x00007ff9ad332000 	C:\Program Files\Java\jdk1.8.0_251\jre\bin\nio.dll

VM Arguments:
jvm_args: -Dclassworlds.conf=C:\Program Files\NetBeans-12.0\netbeans\java\maven\bin\..\bin\m2.conf -Dmaven.home=C:\Program Files\NetBeans-12.0\netbeans\java\maven\bin\.. -Dlibrary.jansi.path=C:\Program Files\NetBeans-12.0\netbeans\java\maven\bin\..\lib\jansi-native -Dmaven.multiModuleProjectDirectory=C:\Users\Eyob\VendingMachine\VendingMachine 
java_command: org.codehaus.plexus.classworlds.launcher.Launcher -Dexec.args=-agentlib:jdwp=transport=dt_socket,server=n,address=62683 -classpath %classpath com.sg.vendingmachine.App -Dexec.executable=C:\Program Files\Java\jdk1.8.0_251\bin\java.exe -Djpda.listen=true -Djpda.address=62683 -Dmaven.ext.class.path=C:\Program Files\NetBeans-12.0\netbeans\java\maven-nblib\netbeans-eventspy.jar -Dfile.encoding=UTF-8 org.codehaus.mojo:exec-maven-plugin:1.5.0:exec
java_class_path (initial): C:\Program Files\NetBeans-12.0\netbeans\java\maven\bin\..\boot\plexus-classworlds-2.6.0.jar
Launcher Type: SUN_STANDARD

Environment Variables:
JAVA_HOME=C:\Program Files\Java\jdk1.8.0_251
PATH=C:\Program Files\Eclipse Foundation\jdk-11.0.12.7-hotspot\bin;C:\WINDOWS\system32;C:\WINDOWS;C:\WINDOWS\System32\Wbem;C:\WINDOWS\System32\WindowsPowerShell\v1.0\;C:\WINDOWS\System32\OpenSSH\;C:\Program Files\Java\jdk1.8.0_251\bin;C:\Users\Eyob\Downloads\dart-sass-1.32.8-windows-x64\dart-sass;C:\Program Files\Git\cmd;C:\Program Files\MySQL\MySQL Shell 8.0\bin\;C:\Users\Eyob\AppData\Local\Microsoft\WindowsApps;;C:\Users\Eyob\AppData\Local\Programs\Microsoft VS Code\bin
USERNAME=Eyob
OS=Windows_NT
PROCESSOR_IDENTIFIER=Intel64 Family 6 Model 60 Stepping 3, GenuineIntel



---------------  S Y S T E M  ---------------

OS: Windows 10.0 , 64 bit Build 19041 (10.0.19041.1151)

CPU:total 8 (initial active 8) (4 cores per cpu, 2 threads per core) family 6 model 60 stepping 3, cmov, cx8, fxsr, mmx, sse, sse2, sse3, ssse3, sse4.1, sse4.2, popcnt, avx, avx2, aes, clmul, erms, lzcnt, ht, tsc, tscinvbit, bmi1, bmi2

Memory: 4k page, physical 8147032k(442240k free), swap 33312856k(120k free)

vm_info: Java HotSpot(TM) 64-Bit Server VM (25.251-b08) for windows-amd64 JRE (1.8.0_251-b08), built on Mar 12 2020 06:31:49 by "" with MS VC++ 10.0 (VS2010)

time: Wed Sep 15 16:14:18 2021
timezone: Eastern Daylight Time
elapsed time: 4 seconds (0d 0h 0m 4s)

